2025-11-19 21:43:31 - INFO - ================================================================================
2025-11-19 21:43:31 - INFO - 🚀 ДЕТАЛЬНИЙ ЗВІТ ДУБЛІВ
2025-11-19 21:43:31 - INFO - ================================================================================
2025-11-19 21:43:31 - INFO - 📂 Завантажено аналіз з: /Users/dev/Documents/GitHub/atlas4/reports/duplicates_and_structure_analysis.json
2025-11-19 21:43:31 - INFO - 📝 Генерація Markdown звіту...
2025-11-19 21:43:31 - INFO - 📋 Категоризація дублів...
2025-11-19 21:43:31 - INFO - 💡 Генерація рекомендацій...
2025-11-19 21:43:31 - INFO - 📋 Категоризація дублів...
2025-11-19 21:43:31 - INFO - ✅ Markdown звіт збережено: /Users/dev/Documents/GitHub/atlas4/reports/DETAILED_DUPLICATES_REPORT.md
2025-11-19 21:43:31 - INFO - 📊 Генерація JSON звіту...
2025-11-19 21:43:31 - INFO - 📋 Категоризація дублів...
2025-11-19 21:43:31 - INFO - 💡 Генерація рекомендацій...
2025-11-19 21:43:31 - INFO - 📋 Категоризація дублів...
2025-11-19 21:43:31 - INFO - ✅ JSON звіт збережено: /Users/dev/Documents/GitHub/atlas4/reports/detailed_duplicates_report.json
2025-11-19 21:43:31 - INFO - 
================================================================================
2025-11-19 21:43:31 - INFO - 📋 РЕЗЮМЕ
2025-11-19 21:43:31 - INFO - ================================================================================
2025-11-19 21:43:31 - INFO - 
📊 СТАТИСТИКА:
2025-11-19 21:43:31 - INFO -   • Всього дублів: 150
2025-11-19 21:43:31 - INFO -   • Дублів файлів: 236
2025-11-19 21:43:31 - INFO -   • Файлів проаналізовано: 4962
2025-11-19 21:43:31 - INFO - 
💡 РЕКОМЕНДАЦІЇ:
2025-11-19 21:43:31 - INFO -   • Всього рекомендацій: 4
2025-11-19 21:43:31 - INFO -   • Критичні: 2
2025-11-19 21:43:31 - INFO -   • Високі: 0
2025-11-19 21:43:31 - INFO -   • Середні: 1
2025-11-19 21:43:31 - INFO -   • Низькі: 1
2025-11-19 21:43:31 - INFO - 
================================================================================
2025-11-19 21:43:31 - INFO - ✅ ЗВІТ ЗАВЕРШЕНО
2025-11-19 21:43:31 - INFO - ================================================================================
