2025-11-14 15:09:26,619 [ukrainian-tts-server] INFO: Python executable: /Users/dev/Documents/GitHub/atlas4/web/venv/bin/python3
2025-11-14 15:09:26,619 [ukrainian-tts-server] INFO: VIRTUAL_ENV/CONDA_PREFIX: /Users/dev/Documents/GitHub/atlas4/web/venv
2025-11-14 15:09:26,619 [ukrainian-tts-server] INFO: sys.path (first entries): ['/Users/dev/Documents/GitHub/atlas4/ukrainian-tts', '/Users/dev/.pyenv/versions/3.11.13/lib/python311.zip', '/Users/dev/.pyenv/versions/3.11.13/lib/python3.11', '/Users/dev/.pyenv/versions/3.11.13/lib/python3.11/lib-dynload', '/Users/dev/Documents/GitHub/atlas4/web/venv/lib/python3.11/site-packages']
2025-11-14 15:09:26,619 [ukrainian-tts-server] INFO: Initializing Ukrainian TTS on device: mps
/Users/dev/Documents/GitHub/atlas4/web/venv/lib/python3.11/site-packages/pyworld/__init__.py:13: UserWarning: pkg_resources is deprecated as an API. See https://setuptools.pypa.io/en/latest/pkg_resources.html. The pkg_resources package is slated for removal as early as 2025-11-30. Refrain from using this package or pin to Setuptools<81.
  import pkg_resources
/Users/dev/Documents/GitHub/atlas4/web/venv/lib/python3.11/site-packages/torch/_utils.py:831: UserWarning: TypedStorage is deprecated. It will be removed in the future and UntypedStorage will be the only storage class. This should only matter to you if you are using storages directly.  To access UntypedStorage directly, use tensor.untyped_storage() instead of tensor.storage()
  return self.fget.__get__(instance, owner)()
2025-11-14 15:09:30,214 [stanza] INFO: Loading these models for language: uk (Ukrainian):
=========================
| Processor | Package   |
-------------------------
| tokenize  | iu        |
| mwt       | iu        |
| pos       | iu_charlm |
=========================

2025-11-14 15:09:30,214 [stanza] INFO: Using device: cpu
2025-11-14 15:09:30,214 [stanza] INFO: Loading: tokenize
2025-11-14 15:09:30,400 [stanza] INFO: Loading: mwt
2025-11-14 15:09:30,403 [stanza] INFO: Loading: pos
